<?xml version="1.0" encoding="UTF-8"?>
<!-- Generated by org.testng.reporters.JUnitReportReporter -->
<testsuite skipped="0" hostname="DESKTOP-03DBQVL" name="com.OnlineTravel.Yatra_Auomation_01" tests="1" failures="0" timestamp="22 Sep 2019 11:58:02 GMT" time="17.385" errors="0">
  <testcase name="Flight_Count" time="17.385" classname="com.OnlineTravel.Yatra_Auomation_01"/>
</testsuite> <!-- com.OnlineTravel.Yatra_Auomation_01 -->
