<?xml version="1.0" encoding="UTF-8"?>
<!-- Generated by org.testng.reporters.JUnitReportReporter -->
<testsuite skipped="0" hostname="DESKTOP-03DBQVL" name="com.OnlineTravel.Train" tests="1" failures="0" timestamp="22 Sep 2019 11:58:02 GMT" time="7.896" errors="0">
  <testcase name="Train_Travel" time="7.896" classname="com.OnlineTravel.Train"/>
</testsuite> <!-- com.OnlineTravel.Train -->
