<?xml version="1.0" encoding="UTF-8"?>
<!-- Generated by org.testng.reporters.JUnitReportReporter -->
<testsuite hostname="DESKTOP-03DBQVL" name="com.OnlineTravel.Yatra_Auomation_01" tests="1" failures="0" timestamp="16 Sep 2019 04:00:58 GMT" time="19.204" errors="0">
  <testcase name="Flight_Count" time="19.204" classname="com.OnlineTravel.Yatra_Auomation_01"/>
</testsuite> <!-- com.OnlineTravel.Yatra_Auomation_01 -->
